2022-04-05 20:38:12,055 INFO org.springframework.boot.StartupInfoLogger [restartedMain] Starting Cst323CloudAppApplication using Java 16.0.2 on MSI with PID 19968 (C:\Users\alexa\Documents\workspaceCST-339\CST323CloudApp\target\classes started by alexa in C:\Users\alexa\Documents\workspaceCST-339\CST323CloudApp)
2022-04-05 20:38:12,055 INFO org.hibernate.validator.internal.util.Version [background-preinit] HV000001: Hibernate Validator 6.2.0.Final
2022-04-05 20:38:12,058 DEBUG org.springframework.boot.StartupInfoLogger [restartedMain] Running with Spring Boot v2.6.2, Spring v5.3.14
2022-04-05 20:38:12,059 INFO org.springframework.boot.SpringApplication [restartedMain] No active profile set, falling back to default profiles: default
2022-04-05 20:38:12,297 INFO org.springframework.boot.logging.DeferredLog [restartedMain] Devtools property defaults active! Set 'spring.devtools.add-properties' to 'false' to disable
2022-04-05 20:38:12,297 INFO org.springframework.boot.logging.DeferredLog [restartedMain] For additional web related logging consider setting the 'logging.level.web' property to 'DEBUG'
2022-04-05 20:38:12,817 INFO org.springframework.data.repository.config.RepositoryConfigurationDelegate [restartedMain] Bootstrapping Spring Data JDBC repositories in DEFAULT mode.
2022-04-05 20:38:12,866 INFO org.springframework.data.repository.config.RepositoryConfigurationDelegate [restartedMain] Finished Spring Data repository scanning in 43 ms. Found 2 JDBC repository interfaces.
2022-04-05 20:38:13,085 INFO org.springframework.context.support.PostProcessorRegistrationDelegate$BeanPostProcessorChecker [restartedMain] Bean 'aopConfiguration' of type [com.gcu.util.AopConfiguration$$EnhancerBySpringCGLIB$$1ced9f21] is not eligible for getting processed by all BeanPostProcessors (for example: not eligible for auto-proxying)
2022-04-05 20:38:13,097 INFO org.springframework.context.support.PostProcessorRegistrationDelegate$BeanPostProcessorChecker [restartedMain] Bean 'tracer' of type [com.gcu.util.Tracer] is not eligible for getting processed by all BeanPostProcessors (for example: not eligible for auto-proxying)
2022-04-05 20:38:13,097 INFO org.springframework.context.support.PostProcessorRegistrationDelegate$BeanPostProcessorChecker [restartedMain] Bean 'performanceMonitorAdvisor' of type [org.springframework.aop.support.DefaultPointcutAdvisor] is not eligible for getting processed by all BeanPostProcessors (for example: not eligible for auto-proxying)
2022-04-05 20:38:13,511 INFO org.springframework.boot.web.embedded.tomcat.TomcatWebServer [restartedMain] Tomcat initialized with port(s): 8080 (http)
2022-04-05 20:38:13,522 INFO org.apache.juli.logging.DirectJDKLog [restartedMain] Initializing ProtocolHandler ["http-nio-8080"]
2022-04-05 20:38:13,524 INFO org.apache.juli.logging.DirectJDKLog [restartedMain] Starting service [Tomcat]
2022-04-05 20:38:13,524 INFO org.apache.juli.logging.DirectJDKLog [restartedMain] Starting Servlet engine: [Apache Tomcat/9.0.56]
2022-04-05 20:38:13,602 INFO org.apache.juli.logging.DirectJDKLog [restartedMain] Initializing Spring embedded WebApplicationContext
2022-04-05 20:38:13,603 INFO org.springframework.boot.web.servlet.context.ServletWebServerApplicationContext [restartedMain] Root WebApplicationContext: initialization completed in 1305 ms
2022-04-05 20:38:13,769 INFO com.zaxxer.hikari.HikariDataSource [restartedMain] HikariPool-1 - Starting...
2022-04-05 20:38:13,920 INFO com.zaxxer.hikari.HikariDataSource [restartedMain] HikariPool-1 - Start completed.
2022-04-05 20:38:13,955 WARN org.springframework.data.convert.CustomConversions [restartedMain] Registering converter from class java.time.OffsetDateTime to class org.springframework.data.jdbc.core.convert.JdbcValue as writing converter although it doesn't convert to a store-supported type! You might want to check your annotation setup at the converter implementation.
2022-04-05 20:38:14,088 INFO org.springframework.boot.devtools.autoconfigure.OptionalLiveReloadServer [restartedMain] LiveReload server is running on port 35729
2022-04-05 20:38:14,392 INFO org.springframework.boot.autoconfigure.web.servlet.WelcomePageHandlerMapping [restartedMain] Adding welcome page template: index
2022-04-05 20:38:14,684 INFO org.apache.juli.logging.DirectJDKLog [restartedMain] Starting ProtocolHandler ["http-nio-8080"]
2022-04-05 20:38:14,703 INFO org.springframework.boot.web.embedded.tomcat.TomcatWebServer [restartedMain] Tomcat started on port(s): 8080 (http) with context path ''
2022-04-05 20:38:14,708 INFO org.springframework.boot.StartupInfoLogger [restartedMain] Started Cst323CloudAppApplication in 2.992 seconds (JVM running for 3.685)
2022-04-05 20:38:21,530 INFO org.apache.juli.logging.DirectJDKLog [http-nio-8080-exec-1] Initializing Spring DispatcherServlet 'dispatcherServlet'
2022-04-05 20:38:21,531 INFO org.springframework.web.servlet.FrameworkServlet [http-nio-8080-exec-1] Initializing Servlet 'dispatcherServlet'
2022-04-05 20:38:21,531 INFO org.springframework.web.servlet.FrameworkServlet [http-nio-8080-exec-1] Completed initialization in 0 ms
2022-04-05 20:38:22,087 WARN org.codehaus.groovy.vmplugin.v8.IndyInterface [http-nio-8080-exec-1] Fragment expression "layouts/defaultTemplate" is being wrapped as a Thymeleaf 3 fragment expression (~{...}) for backwards compatibility purposes.  This wrapping will be dropped in the next major version of the expression processor, so please rewrite as a Thymeleaf 3 fragment expression to future-proof your code.  See https://github.com/thymeleaf/thymeleaf/issues/451 for more information.
2022-04-05 20:38:23,860 TRACE com.gcu.util.Tracer [http-nio-8080-exec-5] GCU Method com.gcu.controller.UserController.displayUsers execution started at:Tue Apr 05 20:38:23 MST 2022
2022-04-05 20:38:23,882 TRACE com.gcu.util.Tracer [http-nio-8080-exec-5] GCU Method com.gcu.business.UserBusinessService.findAll execution started at:Tue Apr 05 20:38:23 MST 2022
2022-04-05 20:38:23,888 TRACE com.gcu.util.Tracer [http-nio-8080-exec-5] GCU Method com.gcu.data.UserDataService.findAll execution started at:Tue Apr 05 20:38:23 MST 2022
2022-04-05 20:38:24,046 TRACE com.gcu.util.Tracer [http-nio-8080-exec-5] GCU Method com.gcu.data.UserDataService.findAll execution lasted:158 ms
2022-04-05 20:38:24,046 TRACE com.gcu.util.Tracer [http-nio-8080-exec-5] GCU Method com.gcu.data.UserDataService.findAll execution end at :158 ms
2022-04-05 20:38:24,046 WARN com.gcu.util.Tracer [http-nio-8080-exec-5] GCU Method execution longer than 10 ms!
2022-04-05 20:38:24,047 TRACE com.gcu.util.Tracer [http-nio-8080-exec-5] GCU Method com.gcu.business.UserBusinessService.findAll execution lasted:165 ms
2022-04-05 20:38:24,047 TRACE com.gcu.util.Tracer [http-nio-8080-exec-5] GCU Method com.gcu.business.UserBusinessService.findAll execution end at :165 ms
2022-04-05 20:38:24,047 WARN com.gcu.util.Tracer [http-nio-8080-exec-5] GCU Method execution longer than 10 ms!
2022-04-05 20:38:24,047 TRACE com.gcu.util.Tracer [http-nio-8080-exec-5] GCU Method com.gcu.controller.UserController.displayUsers execution lasted:187 ms
2022-04-05 20:38:24,047 TRACE com.gcu.util.Tracer [http-nio-8080-exec-5] GCU Method com.gcu.controller.UserController.displayUsers execution end at :187 ms
2022-04-05 20:38:24,047 WARN com.gcu.util.Tracer [http-nio-8080-exec-5] GCU Method execution longer than 10 ms!
2022-04-05 20:38:24,048 TRACE com.gcu.util.Tracer [http-nio-8080-exec-5] GCU Method com.gcu.controller.ExceptionControllerAdvice.handleException execution started at:Tue Apr 05 20:38:24 MST 2022
2022-04-05 20:38:24,051 TRACE com.gcu.util.Tracer [http-nio-8080-exec-5] GCU Method com.gcu.controller.ExceptionControllerAdvice.handleException execution lasted:3 ms
2022-04-05 20:38:24,051 TRACE com.gcu.util.Tracer [http-nio-8080-exec-5] GCU Method com.gcu.controller.ExceptionControllerAdvice.handleException execution end at :3 ms
2022-04-05 20:38:24,052 WARN org.springframework.web.servlet.handler.AbstractHandlerExceptionResolver [http-nio-8080-exec-5] Resolved [org.springframework.jdbc.BadSqlGrammarException: PreparedStatementCallback; bad SQL grammar [SELECT `users`.`id` AS `id`, `users`.`USERNAME` AS `USERNAME`, `users`.`PASSWORD` AS `PASSWORD`, `users`.`LAST_NAME` AS `LAST_NAME`, `users`.`FIRST_NAME` AS `FIRST_NAME` FROM `users`]; nested exception is java.sql.SQLSyntaxErrorException: Unknown column 'users.LAST_NAME' in 'field list']
2022-04-05 20:41:00,980 INFO com.zaxxer.hikari.HikariDataSource [Thread-4] HikariPool-1 - Shutdown initiated...
2022-04-05 20:41:00,986 INFO com.zaxxer.hikari.HikariDataSource [Thread-4] HikariPool-1 - Shutdown completed.
2022-04-05 20:41:01,068 INFO org.springframework.boot.StartupInfoLogger [restartedMain] Starting Cst323CloudAppApplication using Java 16.0.2 on MSI with PID 19968 (C:\Users\alexa\Documents\workspaceCST-339\CST323CloudApp\target\classes started by alexa in C:\Users\alexa\Documents\workspaceCST-339\CST323CloudApp)
2022-04-05 20:41:01,068 DEBUG org.springframework.boot.StartupInfoLogger [restartedMain] Running with Spring Boot v2.6.2, Spring v5.3.14
2022-04-05 20:41:01,068 INFO org.springframework.boot.SpringApplication [restartedMain] No active profile set, falling back to default profiles: default
2022-04-05 20:41:01,193 INFO org.springframework.data.repository.config.RepositoryConfigurationDelegate [restartedMain] Bootstrapping Spring Data JDBC repositories in DEFAULT mode.
2022-04-05 20:41:01,203 INFO org.springframework.data.repository.config.RepositoryConfigurationDelegate [restartedMain] Finished Spring Data repository scanning in 9 ms. Found 2 JDBC repository interfaces.
2022-04-05 20:41:01,235 INFO org.springframework.context.support.PostProcessorRegistrationDelegate$BeanPostProcessorChecker [restartedMain] Bean 'aopConfiguration' of type [com.gcu.util.AopConfiguration$$EnhancerBySpringCGLIB$$1ced9f21] is not eligible for getting processed by all BeanPostProcessors (for example: not eligible for auto-proxying)
2022-04-05 20:41:01,237 INFO org.springframework.context.support.PostProcessorRegistrationDelegate$BeanPostProcessorChecker [restartedMain] Bean 'tracer' of type [com.gcu.util.Tracer] is not eligible for getting processed by all BeanPostProcessors (for example: not eligible for auto-proxying)
2022-04-05 20:41:01,238 INFO org.springframework.context.support.PostProcessorRegistrationDelegate$BeanPostProcessorChecker [restartedMain] Bean 'performanceMonitorAdvisor' of type [org.springframework.aop.support.DefaultPointcutAdvisor] is not eligible for getting processed by all BeanPostProcessors (for example: not eligible for auto-proxying)
2022-04-05 20:41:01,285 INFO org.springframework.boot.web.embedded.tomcat.TomcatWebServer [restartedMain] Tomcat initialized with port(s): 8080 (http)
2022-04-05 20:41:01,285 INFO org.apache.juli.logging.DirectJDKLog [restartedMain] Initializing ProtocolHandler ["http-nio-8080"]
2022-04-05 20:41:01,286 INFO org.apache.juli.logging.DirectJDKLog [restartedMain] Starting service [Tomcat]
2022-04-05 20:41:01,286 INFO org.apache.juli.logging.DirectJDKLog [restartedMain] Starting Servlet engine: [Apache Tomcat/9.0.56]
2022-04-05 20:41:01,307 INFO org.apache.juli.logging.DirectJDKLog [restartedMain] Initializing Spring embedded WebApplicationContext
2022-04-05 20:41:01,307 INFO org.springframework.boot.web.servlet.context.ServletWebServerApplicationContext [restartedMain] Root WebApplicationContext: initialization completed in 238 ms
2022-04-05 20:41:01,375 INFO com.zaxxer.hikari.HikariDataSource [restartedMain] HikariPool-2 - Starting...
2022-04-05 20:41:01,380 INFO com.zaxxer.hikari.HikariDataSource [restartedMain] HikariPool-2 - Start completed.
2022-04-05 20:41:01,383 WARN org.springframework.data.convert.CustomConversions [restartedMain] Registering converter from class java.time.OffsetDateTime to class org.springframework.data.jdbc.core.convert.JdbcValue as writing converter although it doesn't convert to a store-supported type! You might want to check your annotation setup at the converter implementation.
2022-04-05 20:41:01,423 INFO org.springframework.boot.devtools.autoconfigure.OptionalLiveReloadServer [restartedMain] LiveReload server is running on port 35729
2022-04-05 20:41:01,536 INFO org.springframework.boot.autoconfigure.web.servlet.WelcomePageHandlerMapping [restartedMain] Adding welcome page template: index
2022-04-05 20:41:01,597 INFO org.apache.juli.logging.DirectJDKLog [restartedMain] Starting ProtocolHandler ["http-nio-8080"]
2022-04-05 20:41:01,599 INFO org.springframework.boot.web.embedded.tomcat.TomcatWebServer [restartedMain] Tomcat started on port(s): 8080 (http) with context path ''
2022-04-05 20:41:01,602 INFO org.springframework.boot.StartupInfoLogger [restartedMain] Started Cst323CloudAppApplication in 0.559 seconds (JVM running for 170.579)
2022-04-05 20:41:01,604 INFO org.springframework.boot.devtools.autoconfigure.ConditionEvaluationDeltaLoggingListener [restartedMain] Condition evaluation unchanged
2022-04-05 20:41:59,352 INFO com.zaxxer.hikari.HikariDataSource [Thread-7] HikariPool-2 - Shutdown initiated...
2022-04-05 20:41:59,354 INFO com.zaxxer.hikari.HikariDataSource [Thread-7] HikariPool-2 - Shutdown completed.
2022-04-05 20:41:59,428 INFO org.springframework.boot.StartupInfoLogger [restartedMain] Starting Cst323CloudAppApplication using Java 16.0.2 on MSI with PID 19968 (C:\Users\alexa\Documents\workspaceCST-339\CST323CloudApp\target\classes started by alexa in C:\Users\alexa\Documents\workspaceCST-339\CST323CloudApp)
2022-04-05 20:41:59,428 DEBUG org.springframework.boot.StartupInfoLogger [restartedMain] Running with Spring Boot v2.6.2, Spring v5.3.14
2022-04-05 20:41:59,428 INFO org.springframework.boot.SpringApplication [restartedMain] No active profile set, falling back to default profiles: default
2022-04-05 20:41:59,539 INFO org.springframework.data.repository.config.RepositoryConfigurationDelegate [restartedMain] Bootstrapping Spring Data JDBC repositories in DEFAULT mode.
2022-04-05 20:41:59,548 INFO org.springframework.data.repository.config.RepositoryConfigurationDelegate [restartedMain] Finished Spring Data repository scanning in 8 ms. Found 2 JDBC repository interfaces.
2022-04-05 20:41:59,578 INFO org.springframework.context.support.PostProcessorRegistrationDelegate$BeanPostProcessorChecker [restartedMain] Bean 'aopConfiguration' of type [com.gcu.util.AopConfiguration$$EnhancerBySpringCGLIB$$1ced9f21] is not eligible for getting processed by all BeanPostProcessors (for example: not eligible for auto-proxying)
2022-04-05 20:41:59,580 INFO org.springframework.context.support.PostProcessorRegistrationDelegate$BeanPostProcessorChecker [restartedMain] Bean 'tracer' of type [com.gcu.util.Tracer] is not eligible for getting processed by all BeanPostProcessors (for example: not eligible for auto-proxying)
2022-04-05 20:41:59,581 INFO org.springframework.context.support.PostProcessorRegistrationDelegate$BeanPostProcessorChecker [restartedMain] Bean 'performanceMonitorAdvisor' of type [org.springframework.aop.support.DefaultPointcutAdvisor] is not eligible for getting processed by all BeanPostProcessors (for example: not eligible for auto-proxying)
2022-04-05 20:41:59,619 INFO org.springframework.boot.web.embedded.tomcat.TomcatWebServer [restartedMain] Tomcat initialized with port(s): 8080 (http)
2022-04-05 20:41:59,619 INFO org.apache.juli.logging.DirectJDKLog [restartedMain] Initializing ProtocolHandler ["http-nio-8080"]
2022-04-05 20:41:59,619 INFO org.apache.juli.logging.DirectJDKLog [restartedMain] Starting service [Tomcat]
2022-04-05 20:41:59,619 INFO org.apache.juli.logging.DirectJDKLog [restartedMain] Starting Servlet engine: [Apache Tomcat/9.0.56]
2022-04-05 20:41:59,635 INFO org.apache.juli.logging.DirectJDKLog [restartedMain] Initializing Spring embedded WebApplicationContext
2022-04-05 20:41:59,636 INFO org.springframework.boot.web.servlet.context.ServletWebServerApplicationContext [restartedMain] Root WebApplicationContext: initialization completed in 206 ms
2022-04-05 20:41:59,657 WARN org.springframework.context.support.AbstractApplicationContext [restartedMain] Exception encountered during context initialization - cancelling refresh attempt: org.springframework.beans.factory.BeanCreationException: Error creating bean with name 'userController' defined in file [C:\Users\alexa\Documents\workspaceCST-339\CST323CloudApp\target\classes\com\gcu\controller\UserController.class]: Instantiation of bean failed; nested exception is org.springframework.beans.BeanInstantiationException: Failed to instantiate [com.gcu.controller.UserController]: Constructor threw exception; nested exception is java.lang.Error: Unresolved compilation problem: 
	Syntax error on token "}", delete this token

2022-04-05 20:41:59,657 INFO org.apache.juli.logging.DirectJDKLog [restartedMain] Stopping service [Tomcat]
2022-04-05 20:41:59,664 INFO org.springframework.boot.autoconfigure.logging.ConditionEvaluationReportLoggingListener [restartedMain] 

Error starting ApplicationContext. To display the conditions report re-run your application with 'debug' enabled.
2022-04-05 20:41:59,691 ERROR org.springframework.boot.SpringApplication [restartedMain] Application run failed
org.springframework.beans.factory.BeanCreationException: Error creating bean with name 'userController' defined in file [C:\Users\alexa\Documents\workspaceCST-339\CST323CloudApp\target\classes\com\gcu\controller\UserController.class]: Instantiation of bean failed; nested exception is org.springframework.beans.BeanInstantiationException: Failed to instantiate [com.gcu.controller.UserController]: Constructor threw exception; nested exception is java.lang.Error: Unresolved compilation problem: 
	Syntax error on token "}", delete this token

	at org.springframework.beans.factory.support.AbstractAutowireCapableBeanFactory.instantiateBean(AbstractAutowireCapableBeanFactory.java:1334)
	at org.springframework.beans.factory.support.AbstractAutowireCapableBeanFactory.createBeanInstance(AbstractAutowireCapableBeanFactory.java:1232)
	at org.springframework.beans.factory.support.AbstractAutowireCapableBeanFactory.doCreateBean(AbstractAutowireCapableBeanFactory.java:582)
	at org.springframework.beans.factory.support.AbstractAutowireCapableBeanFactory.createBean(AbstractAutowireCapableBeanFactory.java:542)
	at org.springframework.beans.factory.support.AbstractBeanFactory.lambda$doGetBean$0(AbstractBeanFactory.java:335)
	at org.springframework.beans.factory.support.DefaultSingletonBeanRegistry.getSingleton(DefaultSingletonBeanRegistry.java:234)
	at org.springframework.beans.factory.support.AbstractBeanFactory.doGetBean(AbstractBeanFactory.java:333)
	at org.springframework.beans.factory.support.AbstractBeanFactory.getBean(AbstractBeanFactory.java:208)
	at org.springframework.beans.factory.support.DefaultListableBeanFactory.preInstantiateSingletons(DefaultListableBeanFactory.java:953)
	at org.springframework.context.support.AbstractApplicationContext.finishBeanFactoryInitialization(AbstractApplicationContext.java:918)
	at org.springframework.context.support.AbstractApplicationContext.refresh(AbstractApplicationContext.java:583)
	at org.springframework.boot.web.servlet.context.ServletWebServerApplicationContext.refresh(ServletWebServerApplicationContext.java:145)
	at org.springframework.boot.SpringApplication.refresh(SpringApplication.java:730)
	at org.springframework.boot.SpringApplication.refreshContext(SpringApplication.java:412)
	at org.springframework.boot.SpringApplication.run(SpringApplication.java:302)
	at org.springframework.boot.SpringApplication.run(SpringApplication.java:1301)
	at org.springframework.boot.SpringApplication.run(SpringApplication.java:1290)
	at com.gcu.Cst323CloudAppApplication.main(Cst323CloudAppApplication.java:10)
	at java.base/jdk.internal.reflect.NativeMethodAccessorImpl.invoke0(Native Method)
	at java.base/jdk.internal.reflect.NativeMethodAccessorImpl.invoke(NativeMethodAccessorImpl.java:78)
	at java.base/jdk.internal.reflect.DelegatingMethodAccessorImpl.invoke(DelegatingMethodAccessorImpl.java:43)
	at java.base/java.lang.reflect.Method.invoke(Method.java:567)
	at org.springframework.boot.devtools.restart.RestartLauncher.run(RestartLauncher.java:49)
Caused by: org.springframework.beans.BeanInstantiationException: Failed to instantiate [com.gcu.controller.UserController]: Constructor threw exception; nested exception is java.lang.Error: Unresolved compilation problem: 
	Syntax error on token "}", delete this token

	at org.springframework.beans.BeanUtils.instantiateClass(BeanUtils.java:224)
	at org.springframework.beans.factory.support.SimpleInstantiationStrategy.instantiate(SimpleInstantiationStrategy.java:87)
	at org.springframework.beans.factory.support.AbstractAutowireCapableBeanFactory.instantiateBean(AbstractAutowireCapableBeanFactory.java:1326)
	... 22 common frames omitted
Caused by: java.lang.Error: Unresolved compilation problem: 
	Syntax error on token "}", delete this token

	at com.gcu.controller.UserController.<init>(UserController.java:86)
	at java.base/jdk.internal.reflect.NativeConstructorAccessorImpl.newInstance0(Native Method)
	at java.base/jdk.internal.reflect.NativeConstructorAccessorImpl.newInstance(NativeConstructorAccessorImpl.java:78)
	at java.base/jdk.internal.reflect.DelegatingConstructorAccessorImpl.newInstance(DelegatingConstructorAccessorImpl.java:45)
	at java.base/java.lang.reflect.Constructor.newInstanceWithCaller(Constructor.java:499)
	at java.base/java.lang.reflect.Constructor.newInstance(Constructor.java:480)
	at org.springframework.beans.BeanUtils.instantiateClass(BeanUtils.java:211)
	... 24 common frames omitted
2022-04-05 20:42:16,528 INFO org.springframework.boot.StartupInfoLogger [restartedMain] Starting Cst323CloudAppApplication using Java 16.0.2 on MSI with PID 19968 (C:\Users\alexa\Documents\workspaceCST-339\CST323CloudApp\target\classes started by alexa in C:\Users\alexa\Documents\workspaceCST-339\CST323CloudApp)
2022-04-05 20:42:16,528 DEBUG org.springframework.boot.StartupInfoLogger [restartedMain] Running with Spring Boot v2.6.2, Spring v5.3.14
2022-04-05 20:42:16,529 INFO org.springframework.boot.SpringApplication [restartedMain] No active profile set, falling back to default profiles: default
2022-04-05 20:42:16,649 INFO org.springframework.data.repository.config.RepositoryConfigurationDelegate [restartedMain] Bootstrapping Spring Data JDBC repositories in DEFAULT mode.
2022-04-05 20:42:16,665 INFO org.springframework.data.repository.config.RepositoryConfigurationDelegate [restartedMain] Finished Spring Data repository scanning in 14 ms. Found 2 JDBC repository interfaces.
2022-04-05 20:42:16,715 INFO org.springframework.context.support.PostProcessorRegistrationDelegate$BeanPostProcessorChecker [restartedMain] Bean 'aopConfiguration' of type [com.gcu.util.AopConfiguration$$EnhancerBySpringCGLIB$$1ced9f21] is not eligible for getting processed by all BeanPostProcessors (for example: not eligible for auto-proxying)
2022-04-05 20:42:16,717 INFO org.springframework.context.support.PostProcessorRegistrationDelegate$BeanPostProcessorChecker [restartedMain] Bean 'tracer' of type [com.gcu.util.Tracer] is not eligible for getting processed by all BeanPostProcessors (for example: not eligible for auto-proxying)
2022-04-05 20:42:16,718 INFO org.springframework.context.support.PostProcessorRegistrationDelegate$BeanPostProcessorChecker [restartedMain] Bean 'performanceMonitorAdvisor' of type [org.springframework.aop.support.DefaultPointcutAdvisor] is not eligible for getting processed by all BeanPostProcessors (for example: not eligible for auto-proxying)
2022-04-05 20:42:16,762 INFO org.springframework.boot.web.embedded.tomcat.TomcatWebServer [restartedMain] Tomcat initialized with port(s): 8080 (http)
2022-04-05 20:42:16,763 INFO org.apache.juli.logging.DirectJDKLog [restartedMain] Initializing ProtocolHandler ["http-nio-8080"]
2022-04-05 20:42:16,763 INFO org.apache.juli.logging.DirectJDKLog [restartedMain] Starting service [Tomcat]
2022-04-05 20:42:16,763 INFO org.apache.juli.logging.DirectJDKLog [restartedMain] Starting Servlet engine: [Apache Tomcat/9.0.56]
2022-04-05 20:42:16,779 INFO org.apache.juli.logging.DirectJDKLog [restartedMain] Initializing Spring embedded WebApplicationContext
2022-04-05 20:42:16,779 INFO org.springframework.boot.web.servlet.context.ServletWebServerApplicationContext [restartedMain] Root WebApplicationContext: initialization completed in 250 ms
2022-04-05 20:42:16,848 INFO com.zaxxer.hikari.HikariDataSource [restartedMain] HikariPool-3 - Starting...
2022-04-05 20:42:16,851 INFO com.zaxxer.hikari.HikariDataSource [restartedMain] HikariPool-3 - Start completed.
2022-04-05 20:42:16,856 WARN org.springframework.data.convert.CustomConversions [restartedMain] Registering converter from class java.time.OffsetDateTime to class org.springframework.data.jdbc.core.convert.JdbcValue as writing converter although it doesn't convert to a store-supported type! You might want to check your annotation setup at the converter implementation.
2022-04-05 20:42:16,900 INFO org.springframework.boot.devtools.autoconfigure.OptionalLiveReloadServer [restartedMain] LiveReload server is running on port 35729
2022-04-05 20:42:16,998 INFO org.springframework.boot.autoconfigure.web.servlet.WelcomePageHandlerMapping [restartedMain] Adding welcome page template: index
2022-04-05 20:42:17,047 INFO org.apache.juli.logging.DirectJDKLog [restartedMain] Starting ProtocolHandler ["http-nio-8080"]
2022-04-05 20:42:17,049 INFO org.springframework.boot.web.embedded.tomcat.TomcatWebServer [restartedMain] Tomcat started on port(s): 8080 (http) with context path ''
2022-04-05 20:42:17,052 INFO org.springframework.boot.StartupInfoLogger [restartedMain] Started Cst323CloudAppApplication in 0.547 seconds (JVM running for 246.028)
2022-04-05 20:42:17,053 INFO org.springframework.boot.devtools.autoconfigure.ConditionEvaluationDeltaLoggingListener [restartedMain] Condition evaluation unchanged
2022-04-05 20:42:18,495 INFO com.zaxxer.hikari.HikariDataSource [Thread-11] HikariPool-3 - Shutdown initiated...
2022-04-05 20:42:18,497 INFO com.zaxxer.hikari.HikariDataSource [Thread-11] HikariPool-3 - Shutdown completed.
2022-04-05 20:42:18,571 INFO org.springframework.boot.StartupInfoLogger [restartedMain] Starting Cst323CloudAppApplication using Java 16.0.2 on MSI with PID 19968 (C:\Users\alexa\Documents\workspaceCST-339\CST323CloudApp\target\classes started by alexa in C:\Users\alexa\Documents\workspaceCST-339\CST323CloudApp)
2022-04-05 20:42:18,572 DEBUG org.springframework.boot.StartupInfoLogger [restartedMain] Running with Spring Boot v2.6.2, Spring v5.3.14
2022-04-05 20:42:18,572 INFO org.springframework.boot.SpringApplication [restartedMain] No active profile set, falling back to default profiles: default
2022-04-05 20:42:18,680 INFO org.springframework.data.repository.config.RepositoryConfigurationDelegate [restartedMain] Bootstrapping Spring Data JDBC repositories in DEFAULT mode.
2022-04-05 20:42:18,691 INFO org.springframework.data.repository.config.RepositoryConfigurationDelegate [restartedMain] Finished Spring Data repository scanning in 11 ms. Found 2 JDBC repository interfaces.
2022-04-05 20:42:18,720 INFO org.springframework.context.support.PostProcessorRegistrationDelegate$BeanPostProcessorChecker [restartedMain] Bean 'aopConfiguration' of type [com.gcu.util.AopConfiguration$$EnhancerBySpringCGLIB$$1ced9f21] is not eligible for getting processed by all BeanPostProcessors (for example: not eligible for auto-proxying)
2022-04-05 20:42:18,722 INFO org.springframework.context.support.PostProcessorRegistrationDelegate$BeanPostProcessorChecker [restartedMain] Bean 'tracer' of type [com.gcu.util.Tracer] is not eligible for getting processed by all BeanPostProcessors (for example: not eligible for auto-proxying)
2022-04-05 20:42:18,722 INFO org.springframework.context.support.PostProcessorRegistrationDelegate$BeanPostProcessorChecker [restartedMain] Bean 'performanceMonitorAdvisor' of type [org.springframework.aop.support.DefaultPointcutAdvisor] is not eligible for getting processed by all BeanPostProcessors (for example: not eligible for auto-proxying)
2022-04-05 20:42:18,759 INFO org.springframework.boot.web.embedded.tomcat.TomcatWebServer [restartedMain] Tomcat initialized with port(s): 8080 (http)
2022-04-05 20:42:18,759 INFO org.apache.juli.logging.DirectJDKLog [restartedMain] Initializing ProtocolHandler ["http-nio-8080"]
2022-04-05 20:42:18,759 INFO org.apache.juli.logging.DirectJDKLog [restartedMain] Starting service [Tomcat]
2022-04-05 20:42:18,759 INFO org.apache.juli.logging.DirectJDKLog [restartedMain] Starting Servlet engine: [Apache Tomcat/9.0.56]
2022-04-05 20:42:18,777 INFO org.apache.juli.logging.DirectJDKLog [restartedMain] Initializing Spring embedded WebApplicationContext
2022-04-05 20:42:18,777 INFO org.springframework.boot.web.servlet.context.ServletWebServerApplicationContext [restartedMain] Root WebApplicationContext: initialization completed in 205 ms
2022-04-05 20:42:18,832 INFO com.zaxxer.hikari.HikariDataSource [restartedMain] HikariPool-4 - Starting...
2022-04-05 20:42:18,836 INFO com.zaxxer.hikari.HikariDataSource [restartedMain] HikariPool-4 - Start completed.
2022-04-05 20:42:18,838 WARN org.springframework.data.convert.CustomConversions [restartedMain] Registering converter from class java.time.OffsetDateTime to class org.springframework.data.jdbc.core.convert.JdbcValue as writing converter although it doesn't convert to a store-supported type! You might want to check your annotation setup at the converter implementation.
2022-04-05 20:42:18,871 INFO org.springframework.boot.devtools.autoconfigure.OptionalLiveReloadServer [restartedMain] LiveReload server is running on port 35729
2022-04-05 20:42:18,968 INFO org.springframework.boot.autoconfigure.web.servlet.WelcomePageHandlerMapping [restartedMain] Adding welcome page template: index
2022-04-05 20:42:19,027 INFO org.apache.juli.logging.DirectJDKLog [restartedMain] Starting ProtocolHandler ["http-nio-8080"]
2022-04-05 20:42:19,029 INFO org.springframework.boot.web.embedded.tomcat.TomcatWebServer [restartedMain] Tomcat started on port(s): 8080 (http) with context path ''
2022-04-05 20:42:19,032 INFO org.springframework.boot.StartupInfoLogger [restartedMain] Started Cst323CloudAppApplication in 0.48 seconds (JVM running for 248.008)
2022-04-05 20:42:19,033 INFO org.springframework.boot.devtools.autoconfigure.ConditionEvaluationDeltaLoggingListener [restartedMain] Condition evaluation unchanged
2022-04-05 20:42:22,156 INFO org.apache.juli.logging.DirectJDKLog [http-nio-8080-exec-1] Initializing Spring DispatcherServlet 'dispatcherServlet'
2022-04-05 20:42:22,157 INFO org.springframework.web.servlet.FrameworkServlet [http-nio-8080-exec-1] Initializing Servlet 'dispatcherServlet'
2022-04-05 20:42:22,159 INFO org.springframework.web.servlet.FrameworkServlet [http-nio-8080-exec-1] Completed initialization in 2 ms
2022-04-05 20:42:22,161 TRACE com.gcu.util.Tracer [http-nio-8080-exec-1] GCU Method com.gcu.controller.UserController.displayUsers execution started at:Tue Apr 05 20:42:22 MST 2022
2022-04-05 20:42:22,177 TRACE com.gcu.util.Tracer [http-nio-8080-exec-1] GCU Method com.gcu.business.UserBusinessService.findAll execution started at:Tue Apr 05 20:42:22 MST 2022
2022-04-05 20:42:22,180 TRACE com.gcu.util.Tracer [http-nio-8080-exec-1] GCU Method com.gcu.data.UserDataService.findAll execution started at:Tue Apr 05 20:42:22 MST 2022
2022-04-05 20:42:22,188 TRACE com.gcu.util.Tracer [http-nio-8080-exec-1] GCU Method com.gcu.data.UserDataService.findAll execution lasted:8 ms
2022-04-05 20:42:22,188 TRACE com.gcu.util.Tracer [http-nio-8080-exec-1] GCU Method com.gcu.data.UserDataService.findAll execution end at :8 ms
2022-04-05 20:42:22,188 TRACE com.gcu.util.Tracer [http-nio-8080-exec-1] GCU Method com.gcu.business.UserBusinessService.findAll execution lasted:11 ms
2022-04-05 20:42:22,189 TRACE com.gcu.util.Tracer [http-nio-8080-exec-1] GCU Method com.gcu.business.UserBusinessService.findAll execution end at :11 ms
2022-04-05 20:42:22,189 WARN com.gcu.util.Tracer [http-nio-8080-exec-1] GCU Method execution longer than 10 ms!
2022-04-05 20:42:22,189 TRACE com.gcu.util.Tracer [http-nio-8080-exec-1] GCU Method com.gcu.controller.UserController.displayUsers execution lasted:28 ms
2022-04-05 20:42:22,189 TRACE com.gcu.util.Tracer [http-nio-8080-exec-1] GCU Method com.gcu.controller.UserController.displayUsers execution end at :28 ms
2022-04-05 20:42:22,189 WARN com.gcu.util.Tracer [http-nio-8080-exec-1] GCU Method execution longer than 10 ms!
2022-04-05 20:42:24,220 TRACE com.gcu.util.Tracer [http-nio-8080-exec-3] GCU Method com.gcu.controller.UserController.displayUsers execution started at:Tue Apr 05 20:42:24 MST 2022
2022-04-05 20:42:24,224 TRACE com.gcu.util.Tracer [http-nio-8080-exec-3] GCU Method com.gcu.business.UserBusinessService.findAll execution started at:Tue Apr 05 20:42:24 MST 2022
2022-04-05 20:42:24,227 TRACE com.gcu.util.Tracer [http-nio-8080-exec-3] GCU Method com.gcu.data.UserDataService.findAll execution started at:Tue Apr 05 20:42:24 MST 2022
2022-04-05 20:42:24,231 TRACE com.gcu.util.Tracer [http-nio-8080-exec-3] GCU Method com.gcu.data.UserDataService.findAll execution lasted:4 ms
2022-04-05 20:42:24,231 TRACE com.gcu.util.Tracer [http-nio-8080-exec-3] GCU Method com.gcu.data.UserDataService.findAll execution end at :4 ms
2022-04-05 20:42:24,231 TRACE com.gcu.util.Tracer [http-nio-8080-exec-3] GCU Method com.gcu.business.UserBusinessService.findAll execution lasted:7 ms
2022-04-05 20:42:24,231 TRACE com.gcu.util.Tracer [http-nio-8080-exec-3] GCU Method com.gcu.business.UserBusinessService.findAll execution end at :7 ms
2022-04-05 20:42:24,231 TRACE com.gcu.util.Tracer [http-nio-8080-exec-3] GCU Method com.gcu.controller.UserController.displayUsers execution lasted:11 ms
2022-04-05 20:42:24,231 TRACE com.gcu.util.Tracer [http-nio-8080-exec-3] GCU Method com.gcu.controller.UserController.displayUsers execution end at :11 ms
2022-04-05 20:42:24,231 WARN com.gcu.util.Tracer [http-nio-8080-exec-3] GCU Method execution longer than 10 ms!
2022-04-05 20:42:45,543 TRACE com.gcu.util.Tracer [http-nio-8080-exec-5] GCU Method com.gcu.controller.RegisterController.display execution started at:Tue Apr 05 20:42:45 MST 2022
2022-04-05 20:42:45,547 TRACE com.gcu.util.Tracer [http-nio-8080-exec-5] GCU Method com.gcu.controller.RegisterController.display execution lasted:4 ms
2022-04-05 20:42:45,547 TRACE com.gcu.util.Tracer [http-nio-8080-exec-5] GCU Method com.gcu.controller.RegisterController.display execution end at :4 ms
2022-04-05 20:42:47,223 TRACE com.gcu.util.Tracer [http-nio-8080-exec-7] GCU Method com.gcu.controller.UserController.displayUsers execution started at:Tue Apr 05 20:42:47 MST 2022
2022-04-05 20:42:47,228 TRACE com.gcu.util.Tracer [http-nio-8080-exec-7] GCU Method com.gcu.business.UserBusinessService.findAll execution started at:Tue Apr 05 20:42:47 MST 2022
2022-04-05 20:42:47,230 TRACE com.gcu.util.Tracer [http-nio-8080-exec-7] GCU Method com.gcu.data.UserDataService.findAll execution started at:Tue Apr 05 20:42:47 MST 2022
2022-04-05 20:42:47,234 TRACE com.gcu.util.Tracer [http-nio-8080-exec-7] GCU Method com.gcu.data.UserDataService.findAll execution lasted:4 ms
2022-04-05 20:42:47,234 TRACE com.gcu.util.Tracer [http-nio-8080-exec-7] GCU Method com.gcu.data.UserDataService.findAll execution end at :4 ms
2022-04-05 20:42:47,234 TRACE com.gcu.util.Tracer [http-nio-8080-exec-7] GCU Method com.gcu.business.UserBusinessService.findAll execution lasted:6 ms
2022-04-05 20:42:47,234 TRACE com.gcu.util.Tracer [http-nio-8080-exec-7] GCU Method com.gcu.business.UserBusinessService.findAll execution end at :6 ms
2022-04-05 20:42:47,235 TRACE com.gcu.util.Tracer [http-nio-8080-exec-7] GCU Method com.gcu.controller.UserController.displayUsers execution lasted:12 ms
2022-04-05 20:42:47,235 TRACE com.gcu.util.Tracer [http-nio-8080-exec-7] GCU Method com.gcu.controller.UserController.displayUsers execution end at :12 ms
2022-04-05 20:42:47,235 WARN com.gcu.util.Tracer [http-nio-8080-exec-7] GCU Method execution longer than 10 ms!
2022-04-05 20:42:57,619 TRACE com.gcu.util.Tracer [http-nio-8080-exec-9] GCU Method com.gcu.controller.UserController.displayUsers execution started at:Tue Apr 05 20:42:57 MST 2022
2022-04-05 20:42:57,623 TRACE com.gcu.util.Tracer [http-nio-8080-exec-9] GCU Method com.gcu.business.UserBusinessService.findAll execution started at:Tue Apr 05 20:42:57 MST 2022
2022-04-05 20:42:57,625 TRACE com.gcu.util.Tracer [http-nio-8080-exec-9] GCU Method com.gcu.data.UserDataService.findAll execution started at:Tue Apr 05 20:42:57 MST 2022
2022-04-05 20:42:57,627 TRACE com.gcu.util.Tracer [http-nio-8080-exec-9] GCU Method com.gcu.data.UserDataService.findAll execution lasted:2 ms
2022-04-05 20:42:57,628 TRACE com.gcu.util.Tracer [http-nio-8080-exec-9] GCU Method com.gcu.data.UserDataService.findAll execution end at :2 ms
2022-04-05 20:42:57,628 TRACE com.gcu.util.Tracer [http-nio-8080-exec-9] GCU Method com.gcu.business.UserBusinessService.findAll execution lasted:5 ms
2022-04-05 20:42:57,628 TRACE com.gcu.util.Tracer [http-nio-8080-exec-9] GCU Method com.gcu.business.UserBusinessService.findAll execution end at :5 ms
2022-04-05 20:42:57,628 TRACE com.gcu.util.Tracer [http-nio-8080-exec-9] GCU Method com.gcu.controller.UserController.displayUsers execution lasted:9 ms
2022-04-05 20:42:57,628 TRACE com.gcu.util.Tracer [http-nio-8080-exec-9] GCU Method com.gcu.controller.UserController.displayUsers execution end at :9 ms
2022-04-05 20:43:05,239 TRACE com.gcu.util.Tracer [http-nio-8080-exec-4] GCU Method com.gcu.controller.UserController.displayUsers execution started at:Tue Apr 05 20:43:05 MST 2022
2022-04-05 20:43:05,243 TRACE com.gcu.util.Tracer [http-nio-8080-exec-4] GCU Method com.gcu.business.UserBusinessService.findAll execution started at:Tue Apr 05 20:43:05 MST 2022
2022-04-05 20:43:05,245 TRACE com.gcu.util.Tracer [http-nio-8080-exec-4] GCU Method com.gcu.data.UserDataService.findAll execution started at:Tue Apr 05 20:43:05 MST 2022
2022-04-05 20:43:05,247 TRACE com.gcu.util.Tracer [http-nio-8080-exec-4] GCU Method com.gcu.data.UserDataService.findAll execution lasted:2 ms
2022-04-05 20:43:05,248 TRACE com.gcu.util.Tracer [http-nio-8080-exec-4] GCU Method com.gcu.data.UserDataService.findAll execution end at :2 ms
2022-04-05 20:43:05,248 TRACE com.gcu.util.Tracer [http-nio-8080-exec-4] GCU Method com.gcu.business.UserBusinessService.findAll execution lasted:5 ms
2022-04-05 20:43:05,248 TRACE com.gcu.util.Tracer [http-nio-8080-exec-4] GCU Method com.gcu.business.UserBusinessService.findAll execution end at :5 ms
2022-04-05 20:43:05,248 TRACE com.gcu.util.Tracer [http-nio-8080-exec-4] GCU Method com.gcu.controller.UserController.displayUsers execution lasted:9 ms
2022-04-05 20:43:05,248 TRACE com.gcu.util.Tracer [http-nio-8080-exec-4] GCU Method com.gcu.controller.UserController.displayUsers execution end at :9 ms
2022-04-05 20:44:46,496 INFO com.zaxxer.hikari.HikariDataSource [Thread-18] HikariPool-4 - Shutdown initiated...
2022-04-05 20:44:46,499 INFO com.zaxxer.hikari.HikariDataSource [Thread-18] HikariPool-4 - Shutdown completed.
2022-04-05 20:44:46,570 INFO org.springframework.boot.StartupInfoLogger [restartedMain] Starting Cst323CloudAppApplication using Java 16.0.2 on MSI with PID 19968 (C:\Users\alexa\Documents\workspaceCST-339\CST323CloudApp\target\classes started by alexa in C:\Users\alexa\Documents\workspaceCST-339\CST323CloudApp)
2022-04-05 20:44:46,570 DEBUG org.springframework.boot.StartupInfoLogger [restartedMain] Running with Spring Boot v2.6.2, Spring v5.3.14
2022-04-05 20:44:46,570 INFO org.springframework.boot.SpringApplication [restartedMain] No active profile set, falling back to default profiles: default
2022-04-05 20:44:46,671 INFO org.springframework.data.repository.config.RepositoryConfigurationDelegate [restartedMain] Bootstrapping Spring Data JDBC repositories in DEFAULT mode.
2022-04-05 20:44:46,679 INFO org.springframework.data.repository.config.RepositoryConfigurationDelegate [restartedMain] Finished Spring Data repository scanning in 8 ms. Found 2 JDBC repository interfaces.
2022-04-05 20:44:46,705 INFO org.springframework.context.support.PostProcessorRegistrationDelegate$BeanPostProcessorChecker [restartedMain] Bean 'aopConfiguration' of type [com.gcu.util.AopConfiguration$$EnhancerBySpringCGLIB$$1ced9f21] is not eligible for getting processed by all BeanPostProcessors (for example: not eligible for auto-proxying)
2022-04-05 20:44:46,707 INFO org.springframework.context.support.PostProcessorRegistrationDelegate$BeanPostProcessorChecker [restartedMain] Bean 'tracer' of type [com.gcu.util.Tracer] is not eligible for getting processed by all BeanPostProcessors (for example: not eligible for auto-proxying)
2022-04-05 20:44:46,707 INFO org.springframework.context.support.PostProcessorRegistrationDelegate$BeanPostProcessorChecker [restartedMain] Bean 'performanceMonitorAdvisor' of type [org.springframework.aop.support.DefaultPointcutAdvisor] is not eligible for getting processed by all BeanPostProcessors (for example: not eligible for auto-proxying)
2022-04-05 20:44:46,745 INFO org.springframework.boot.web.embedded.tomcat.TomcatWebServer [restartedMain] Tomcat initialized with port(s): 8080 (http)
2022-04-05 20:44:46,746 INFO org.apache.juli.logging.DirectJDKLog [restartedMain] Initializing ProtocolHandler ["http-nio-8080"]
2022-04-05 20:44:46,746 INFO org.apache.juli.logging.DirectJDKLog [restartedMain] Starting service [Tomcat]
2022-04-05 20:44:46,746 INFO org.apache.juli.logging.DirectJDKLog [restartedMain] Starting Servlet engine: [Apache Tomcat/9.0.56]
2022-04-05 20:44:46,764 INFO org.apache.juli.logging.DirectJDKLog [restartedMain] Initializing Spring embedded WebApplicationContext
2022-04-05 20:44:46,764 INFO org.springframework.boot.web.servlet.context.ServletWebServerApplicationContext [restartedMain] Root WebApplicationContext: initialization completed in 193 ms
2022-04-05 20:44:46,817 INFO com.zaxxer.hikari.HikariDataSource [restartedMain] HikariPool-5 - Starting...
2022-04-05 20:44:46,822 INFO com.zaxxer.hikari.HikariDataSource [restartedMain] HikariPool-5 - Start completed.
2022-04-05 20:44:46,825 WARN org.springframework.data.convert.CustomConversions [restartedMain] Registering converter from class java.time.OffsetDateTime to class org.springframework.data.jdbc.core.convert.JdbcValue as writing converter although it doesn't convert to a store-supported type! You might want to check your annotation setup at the converter implementation.
2022-04-05 20:44:46,860 INFO org.springframework.boot.devtools.autoconfigure.OptionalLiveReloadServer [restartedMain] LiveReload server is running on port 35729
2022-04-05 20:44:46,960 INFO org.springframework.boot.autoconfigure.web.servlet.WelcomePageHandlerMapping [restartedMain] Adding welcome page template: index
2022-04-05 20:44:47,013 INFO org.apache.juli.logging.DirectJDKLog [restartedMain] Starting ProtocolHandler ["http-nio-8080"]
2022-04-05 20:44:47,016 INFO org.springframework.boot.web.embedded.tomcat.TomcatWebServer [restartedMain] Tomcat started on port(s): 8080 (http) with context path ''
2022-04-05 20:44:47,018 INFO org.springframework.boot.StartupInfoLogger [restartedMain] Started Cst323CloudAppApplication in 0.468 seconds (JVM running for 395.994)
2022-04-05 20:44:47,019 INFO org.springframework.boot.devtools.autoconfigure.ConditionEvaluationDeltaLoggingListener [restartedMain] Condition evaluation unchanged
2022-04-05 20:45:51,138 INFO com.zaxxer.hikari.HikariDataSource [Thread-22] HikariPool-5 - Shutdown initiated...
2022-04-05 20:45:51,141 INFO com.zaxxer.hikari.HikariDataSource [Thread-22] HikariPool-5 - Shutdown completed.
2022-04-05 20:45:51,234 INFO org.springframework.boot.StartupInfoLogger [restartedMain] Starting Cst323CloudAppApplication using Java 16.0.2 on MSI with PID 19968 (C:\Users\alexa\Documents\workspaceCST-339\CST323CloudApp\target\classes started by alexa in C:\Users\alexa\Documents\workspaceCST-339\CST323CloudApp)
2022-04-05 20:45:51,234 DEBUG org.springframework.boot.StartupInfoLogger [restartedMain] Running with Spring Boot v2.6.2, Spring v5.3.14
2022-04-05 20:45:51,234 INFO org.springframework.boot.SpringApplication [restartedMain] No active profile set, falling back to default profiles: default
2022-04-05 20:45:51,447 INFO org.springframework.data.repository.config.RepositoryConfigurationDelegate [restartedMain] Bootstrapping Spring Data JDBC repositories in DEFAULT mode.
2022-04-05 20:45:51,461 INFO org.springframework.data.repository.config.RepositoryConfigurationDelegate [restartedMain] Finished Spring Data repository scanning in 12 ms. Found 2 JDBC repository interfaces.
2022-04-05 20:45:51,509 INFO org.springframework.context.support.PostProcessorRegistrationDelegate$BeanPostProcessorChecker [restartedMain] Bean 'aopConfiguration' of type [com.gcu.util.AopConfiguration$$EnhancerBySpringCGLIB$$1ced9f21] is not eligible for getting processed by all BeanPostProcessors (for example: not eligible for auto-proxying)
2022-04-05 20:45:51,512 INFO org.springframework.context.support.PostProcessorRegistrationDelegate$BeanPostProcessorChecker [restartedMain] Bean 'tracer' of type [com.gcu.util.Tracer] is not eligible for getting processed by all BeanPostProcessors (for example: not eligible for auto-proxying)
2022-04-05 20:45:51,513 INFO org.springframework.context.support.PostProcessorRegistrationDelegate$BeanPostProcessorChecker [restartedMain] Bean 'performanceMonitorAdvisor' of type [org.springframework.aop.support.DefaultPointcutAdvisor] is not eligible for getting processed by all BeanPostProcessors (for example: not eligible for auto-proxying)
2022-04-05 20:45:51,593 INFO org.springframework.boot.web.embedded.tomcat.TomcatWebServer [restartedMain] Tomcat initialized with port(s): 8080 (http)
2022-04-05 20:45:51,595 INFO org.apache.juli.logging.DirectJDKLog [restartedMain] Initializing ProtocolHandler ["http-nio-8080"]
2022-04-05 20:45:51,595 INFO org.apache.juli.logging.DirectJDKLog [restartedMain] Starting service [Tomcat]
2022-04-05 20:45:51,595 INFO org.apache.juli.logging.DirectJDKLog [restartedMain] Starting Servlet engine: [Apache Tomcat/9.0.56]
2022-04-05 20:45:51,626 INFO org.apache.juli.logging.DirectJDKLog [restartedMain] Initializing Spring embedded WebApplicationContext
2022-04-05 20:45:51,627 INFO org.springframework.boot.web.servlet.context.ServletWebServerApplicationContext [restartedMain] Root WebApplicationContext: initialization completed in 391 ms
2022-04-05 20:45:51,702 INFO com.zaxxer.hikari.HikariDataSource [restartedMain] HikariPool-6 - Starting...
2022-04-05 20:45:51,706 INFO com.zaxxer.hikari.HikariDataSource [restartedMain] HikariPool-6 - Start completed.
2022-04-05 20:45:51,710 WARN org.springframework.data.convert.CustomConversions [restartedMain] Registering converter from class java.time.OffsetDateTime to class org.springframework.data.jdbc.core.convert.JdbcValue as writing converter although it doesn't convert to a store-supported type! You might want to check your annotation setup at the converter implementation.
2022-04-05 20:45:51,755 INFO org.springframework.boot.devtools.autoconfigure.OptionalLiveReloadServer [restartedMain] LiveReload server is running on port 35729
2022-04-05 20:45:51,849 INFO org.springframework.boot.autoconfigure.web.servlet.WelcomePageHandlerMapping [restartedMain] Adding welcome page template: index
2022-04-05 20:45:51,902 INFO org.apache.juli.logging.DirectJDKLog [restartedMain] Starting ProtocolHandler ["http-nio-8080"]
2022-04-05 20:45:51,904 INFO org.springframework.boot.web.embedded.tomcat.TomcatWebServer [restartedMain] Tomcat started on port(s): 8080 (http) with context path ''
2022-04-05 20:45:51,909 INFO org.springframework.boot.StartupInfoLogger [restartedMain] Started Cst323CloudAppApplication in 0.716 seconds (JVM running for 460.885)
2022-04-05 20:45:51,909 INFO org.springframework.boot.devtools.autoconfigure.ConditionEvaluationDeltaLoggingListener [restartedMain] Condition evaluation unchanged
2022-04-05 20:45:54,342 INFO org.springframework.boot.admin.SpringApplicationAdminMXBeanRegistrar$SpringApplicationAdmin [RMI TCP Connection(11)-127.0.0.1] Application shutdown requested.
2022-04-05 20:45:54,354 INFO com.zaxxer.hikari.HikariDataSource [RMI TCP Connection(11)-127.0.0.1] HikariPool-6 - Shutdown initiated...
2022-04-05 20:45:54,355 INFO com.zaxxer.hikari.HikariDataSource [RMI TCP Connection(11)-127.0.0.1] HikariPool-6 - Shutdown completed.
2022-04-05 20:45:58,038 INFO org.hibernate.validator.internal.util.Version [background-preinit] HV000001: Hibernate Validator 6.2.0.Final
2022-04-05 20:45:58,041 INFO org.springframework.boot.StartupInfoLogger [restartedMain] Starting Cst323CloudAppApplication using Java 16.0.2 on MSI with PID 20860 (C:\Users\alexa\Documents\workspaceCST-339\CST323CloudApp\target\classes started by alexa in C:\Users\alexa\Documents\workspaceCST-339\CST323CloudApp)
2022-04-05 20:45:58,041 DEBUG org.springframework.boot.StartupInfoLogger [restartedMain] Running with Spring Boot v2.6.2, Spring v5.3.14
2022-04-05 20:45:58,041 INFO org.springframework.boot.SpringApplication [restartedMain] No active profile set, falling back to default profiles: default
2022-04-05 20:45:58,216 INFO org.springframework.boot.logging.DeferredLog [restartedMain] Devtools property defaults active! Set 'spring.devtools.add-properties' to 'false' to disable
2022-04-05 20:45:58,216 INFO org.springframework.boot.logging.DeferredLog [restartedMain] For additional web related logging consider setting the 'logging.level.web' property to 'DEBUG'
2022-04-05 20:45:58,633 INFO org.springframework.data.repository.config.RepositoryConfigurationDelegate [restartedMain] Bootstrapping Spring Data JDBC repositories in DEFAULT mode.
2022-04-05 20:45:58,673 INFO org.springframework.data.repository.config.RepositoryConfigurationDelegate [restartedMain] Finished Spring Data repository scanning in 36 ms. Found 2 JDBC repository interfaces.
2022-04-05 20:45:58,874 INFO org.springframework.context.support.PostProcessorRegistrationDelegate$BeanPostProcessorChecker [restartedMain] Bean 'aopConfiguration' of type [com.gcu.util.AopConfiguration$$EnhancerBySpringCGLIB$$74e3663e] is not eligible for getting processed by all BeanPostProcessors (for example: not eligible for auto-proxying)
2022-04-05 20:45:58,886 INFO org.springframework.context.support.PostProcessorRegistrationDelegate$BeanPostProcessorChecker [restartedMain] Bean 'tracer' of type [com.gcu.util.Tracer] is not eligible for getting processed by all BeanPostProcessors (for example: not eligible for auto-proxying)
2022-04-05 20:45:58,887 INFO org.springframework.context.support.PostProcessorRegistrationDelegate$BeanPostProcessorChecker [restartedMain] Bean 'performanceMonitorAdvisor' of type [org.springframework.aop.support.DefaultPointcutAdvisor] is not eligible for getting processed by all BeanPostProcessors (for example: not eligible for auto-proxying)
2022-04-05 20:45:59,178 INFO org.springframework.boot.web.embedded.tomcat.TomcatWebServer [restartedMain] Tomcat initialized with port(s): 8080 (http)
2022-04-05 20:45:59,185 INFO org.apache.juli.logging.DirectJDKLog [restartedMain] Initializing ProtocolHandler ["http-nio-8080"]
2022-04-05 20:45:59,186 INFO org.apache.juli.logging.DirectJDKLog [restartedMain] Starting service [Tomcat]
2022-04-05 20:45:59,186 INFO org.apache.juli.logging.DirectJDKLog [restartedMain] Starting Servlet engine: [Apache Tomcat/9.0.56]
2022-04-05 20:45:59,259 INFO org.apache.juli.logging.DirectJDKLog [restartedMain] Initializing Spring embedded WebApplicationContext
2022-04-05 20:45:59,259 INFO org.springframework.boot.web.servlet.context.ServletWebServerApplicationContext [restartedMain] Root WebApplicationContext: initialization completed in 1043 ms
2022-04-05 20:45:59,411 INFO com.zaxxer.hikari.HikariDataSource [restartedMain] HikariPool-1 - Starting...
2022-04-05 20:45:59,555 INFO com.zaxxer.hikari.HikariDataSource [restartedMain] HikariPool-1 - Start completed.
2022-04-05 20:45:59,586 WARN org.springframework.data.convert.CustomConversions [restartedMain] Registering converter from class java.time.OffsetDateTime to class org.springframework.data.jdbc.core.convert.JdbcValue as writing converter although it doesn't convert to a store-supported type! You might want to check your annotation setup at the converter implementation.
2022-04-05 20:45:59,719 INFO org.springframework.boot.devtools.autoconfigure.OptionalLiveReloadServer [restartedMain] LiveReload server is running on port 35729
2022-04-05 20:46:00,002 INFO org.springframework.boot.autoconfigure.web.servlet.WelcomePageHandlerMapping [restartedMain] Adding welcome page template: index
2022-04-05 20:46:00,271 INFO org.apache.juli.logging.DirectJDKLog [restartedMain] Starting ProtocolHandler ["http-nio-8080"]
2022-04-05 20:46:00,287 INFO org.springframework.boot.web.embedded.tomcat.TomcatWebServer [restartedMain] Tomcat started on port(s): 8080 (http) with context path ''
2022-04-05 20:46:00,296 INFO org.springframework.boot.StartupInfoLogger [restartedMain] Started Cst323CloudAppApplication in 2.553 seconds (JVM running for 3.139)
2022-04-05 20:46:05,863 INFO org.apache.juli.logging.DirectJDKLog [http-nio-8080-exec-1] Initializing Spring DispatcherServlet 'dispatcherServlet'
2022-04-05 20:46:05,864 INFO org.springframework.web.servlet.FrameworkServlet [http-nio-8080-exec-1] Initializing Servlet 'dispatcherServlet'
2022-04-05 20:46:05,865 INFO org.springframework.web.servlet.FrameworkServlet [http-nio-8080-exec-1] Completed initialization in 1 ms
2022-04-05 20:46:06,373 WARN org.codehaus.groovy.vmplugin.v8.IndyInterface [http-nio-8080-exec-1] Fragment expression "layouts/defaultTemplate" is being wrapped as a Thymeleaf 3 fragment expression (~{...}) for backwards compatibility purposes.  This wrapping will be dropped in the next major version of the expression processor, so please rewrite as a Thymeleaf 3 fragment expression to future-proof your code.  See https://github.com/thymeleaf/thymeleaf/issues/451 for more information.
2022-04-05 20:46:07,953 TRACE com.gcu.util.Tracer [http-nio-8080-exec-4] GCU Method com.gcu.controller.UserController.displayUsers execution started at:Tue Apr 05 20:46:07 MST 2022
2022-04-05 20:46:07,972 TRACE com.gcu.util.Tracer [http-nio-8080-exec-4] GCU Method com.gcu.business.UserBusinessService.findAll execution started at:Tue Apr 05 20:46:07 MST 2022
2022-04-05 20:46:07,976 TRACE com.gcu.util.Tracer [http-nio-8080-exec-4] GCU Method com.gcu.data.UserDataService.findAll execution started at:Tue Apr 05 20:46:07 MST 2022
2022-04-05 20:46:08,072 TRACE com.gcu.util.Tracer [http-nio-8080-exec-4] GCU Method com.gcu.data.UserDataService.findAll execution lasted:96 ms
2022-04-05 20:46:08,072 TRACE com.gcu.util.Tracer [http-nio-8080-exec-4] GCU Method com.gcu.data.UserDataService.findAll execution end at :96 ms
2022-04-05 20:46:08,072 WARN com.gcu.util.Tracer [http-nio-8080-exec-4] GCU Method execution longer than 10 ms!
2022-04-05 20:46:08,072 TRACE com.gcu.util.Tracer [http-nio-8080-exec-4] GCU Method com.gcu.business.UserBusinessService.findAll execution lasted:100 ms
2022-04-05 20:46:08,072 TRACE com.gcu.util.Tracer [http-nio-8080-exec-4] GCU Method com.gcu.business.UserBusinessService.findAll execution end at :100 ms
2022-04-05 20:46:08,072 WARN com.gcu.util.Tracer [http-nio-8080-exec-4] GCU Method execution longer than 10 ms!
2022-04-05 20:46:08,072 TRACE com.gcu.util.Tracer [http-nio-8080-exec-4] GCU Method com.gcu.controller.UserController.displayUsers execution lasted:119 ms
2022-04-05 20:46:08,072 TRACE com.gcu.util.Tracer [http-nio-8080-exec-4] GCU Method com.gcu.controller.UserController.displayUsers execution end at :119 ms
2022-04-05 20:46:08,072 WARN com.gcu.util.Tracer [http-nio-8080-exec-4] GCU Method execution longer than 10 ms!
2022-04-05 20:48:41,867 INFO com.zaxxer.hikari.HikariDataSource [Thread-4] HikariPool-1 - Shutdown initiated...
2022-04-05 20:48:41,872 INFO com.zaxxer.hikari.HikariDataSource [Thread-4] HikariPool-1 - Shutdown completed.
2022-04-05 20:48:41,954 INFO org.springframework.boot.StartupInfoLogger [restartedMain] Starting Cst323CloudAppApplication using Java 16.0.2 on MSI with PID 20860 (C:\Users\alexa\Documents\workspaceCST-339\CST323CloudApp\target\classes started by alexa in C:\Users\alexa\Documents\workspaceCST-339\CST323CloudApp)
2022-04-05 20:48:41,954 DEBUG org.springframework.boot.StartupInfoLogger [restartedMain] Running with Spring Boot v2.6.2, Spring v5.3.14
2022-04-05 20:48:41,954 INFO org.springframework.boot.SpringApplication [restartedMain] No active profile set, falling back to default profiles: default
2022-04-05 20:48:42,066 INFO org.springframework.data.repository.config.RepositoryConfigurationDelegate [restartedMain] Bootstrapping Spring Data JDBC repositories in DEFAULT mode.
2022-04-05 20:48:42,078 INFO org.springframework.data.repository.config.RepositoryConfigurationDelegate [restartedMain] Finished Spring Data repository scanning in 10 ms. Found 2 JDBC repository interfaces.
2022-04-05 20:48:42,112 INFO org.springframework.context.support.PostProcessorRegistrationDelegate$BeanPostProcessorChecker [restartedMain] Bean 'aopConfiguration' of type [com.gcu.util.AopConfiguration$$EnhancerBySpringCGLIB$$74e3663e] is not eligible for getting processed by all BeanPostProcessors (for example: not eligible for auto-proxying)
2022-04-05 20:48:42,114 INFO org.springframework.context.support.PostProcessorRegistrationDelegate$BeanPostProcessorChecker [restartedMain] Bean 'tracer' of type [com.gcu.util.Tracer] is not eligible for getting processed by all BeanPostProcessors (for example: not eligible for auto-proxying)
2022-04-05 20:48:42,114 INFO org.springframework.context.support.PostProcessorRegistrationDelegate$BeanPostProcessorChecker [restartedMain] Bean 'performanceMonitorAdvisor' of type [org.springframework.aop.support.DefaultPointcutAdvisor] is not eligible for getting processed by all BeanPostProcessors (for example: not eligible for auto-proxying)
2022-04-05 20:48:42,153 INFO org.springframework.boot.web.embedded.tomcat.TomcatWebServer [restartedMain] Tomcat initialized with port(s): 8080 (http)
2022-04-05 20:48:42,154 INFO org.apache.juli.logging.DirectJDKLog [restartedMain] Initializing ProtocolHandler ["http-nio-8080"]
2022-04-05 20:48:42,154 INFO org.apache.juli.logging.DirectJDKLog [restartedMain] Starting service [Tomcat]
2022-04-05 20:48:42,154 INFO org.apache.juli.logging.DirectJDKLog [restartedMain] Starting Servlet engine: [Apache Tomcat/9.0.56]
2022-04-05 20:48:42,171 INFO org.apache.juli.logging.DirectJDKLog [restartedMain] Initializing Spring embedded WebApplicationContext
2022-04-05 20:48:42,172 INFO org.springframework.boot.web.servlet.context.ServletWebServerApplicationContext [restartedMain] Root WebApplicationContext: initialization completed in 216 ms
2022-04-05 20:48:42,236 INFO com.zaxxer.hikari.HikariDataSource [restartedMain] HikariPool-2 - Starting...
2022-04-05 20:48:42,242 INFO com.zaxxer.hikari.HikariDataSource [restartedMain] HikariPool-2 - Start completed.
2022-04-05 20:48:42,245 WARN org.springframework.data.convert.CustomConversions [restartedMain] Registering converter from class java.time.OffsetDateTime to class org.springframework.data.jdbc.core.convert.JdbcValue as writing converter although it doesn't convert to a store-supported type! You might want to check your annotation setup at the converter implementation.
2022-04-05 20:48:42,285 INFO org.springframework.boot.devtools.autoconfigure.OptionalLiveReloadServer [restartedMain] LiveReload server is running on port 35729
2022-04-05 20:48:42,400 INFO org.springframework.boot.autoconfigure.web.servlet.WelcomePageHandlerMapping [restartedMain] Adding welcome page template: index
2022-04-05 20:48:42,465 INFO org.apache.juli.logging.DirectJDKLog [restartedMain] Starting ProtocolHandler ["http-nio-8080"]
2022-04-05 20:48:42,467 INFO org.springframework.boot.web.embedded.tomcat.TomcatWebServer [restartedMain] Tomcat started on port(s): 8080 (http) with context path ''
2022-04-05 20:48:42,470 INFO org.springframework.boot.StartupInfoLogger [restartedMain] Started Cst323CloudAppApplication in 0.54 seconds (JVM running for 165.314)
2022-04-05 20:48:42,472 INFO org.springframework.boot.devtools.autoconfigure.ConditionEvaluationDeltaLoggingListener [restartedMain] Condition evaluation unchanged
2022-04-05 20:51:23,956 INFO com.zaxxer.hikari.HikariDataSource [Thread-7] HikariPool-2 - Shutdown initiated...
2022-04-05 20:51:23,959 INFO com.zaxxer.hikari.HikariDataSource [Thread-7] HikariPool-2 - Shutdown completed.
2022-04-05 20:51:24,032 INFO org.springframework.boot.StartupInfoLogger [restartedMain] Starting Cst323CloudAppApplication using Java 16.0.2 on MSI with PID 20860 (C:\Users\alexa\Documents\workspaceCST-339\CST323CloudApp\target\classes started by alexa in C:\Users\alexa\Documents\workspaceCST-339\CST323CloudApp)
2022-04-05 20:51:24,032 DEBUG org.springframework.boot.StartupInfoLogger [restartedMain] Running with Spring Boot v2.6.2, Spring v5.3.14
2022-04-05 20:51:24,032 INFO org.springframework.boot.SpringApplication [restartedMain] No active profile set, falling back to default profiles: default
2022-04-05 20:51:24,133 INFO org.springframework.data.repository.config.RepositoryConfigurationDelegate [restartedMain] Bootstrapping Spring Data JDBC repositories in DEFAULT mode.
2022-04-05 20:51:24,144 INFO org.springframework.data.repository.config.RepositoryConfigurationDelegate [restartedMain] Finished Spring Data repository scanning in 10 ms. Found 2 JDBC repository interfaces.
2022-04-05 20:51:24,174 INFO org.springframework.context.support.PostProcessorRegistrationDelegate$BeanPostProcessorChecker [restartedMain] Bean 'aopConfiguration' of type [com.gcu.util.AopConfiguration$$EnhancerBySpringCGLIB$$74e3663e] is not eligible for getting processed by all BeanPostProcessors (for example: not eligible for auto-proxying)
2022-04-05 20:51:24,177 INFO org.springframework.context.support.PostProcessorRegistrationDelegate$BeanPostProcessorChecker [restartedMain] Bean 'tracer' of type [com.gcu.util.Tracer] is not eligible for getting processed by all BeanPostProcessors (for example: not eligible for auto-proxying)
2022-04-05 20:51:24,177 INFO org.springframework.context.support.PostProcessorRegistrationDelegate$BeanPostProcessorChecker [restartedMain] Bean 'performanceMonitorAdvisor' of type [org.springframework.aop.support.DefaultPointcutAdvisor] is not eligible for getting processed by all BeanPostProcessors (for example: not eligible for auto-proxying)
2022-04-05 20:51:24,213 INFO org.springframework.boot.web.embedded.tomcat.TomcatWebServer [restartedMain] Tomcat initialized with port(s): 8080 (http)
2022-04-05 20:51:24,213 INFO org.apache.juli.logging.DirectJDKLog [restartedMain] Initializing ProtocolHandler ["http-nio-8080"]
2022-04-05 20:51:24,213 INFO org.apache.juli.logging.DirectJDKLog [restartedMain] Starting service [Tomcat]
2022-04-05 20:51:24,213 INFO org.apache.juli.logging.DirectJDKLog [restartedMain] Starting Servlet engine: [Apache Tomcat/9.0.56]
2022-04-05 20:51:24,230 INFO org.apache.juli.logging.DirectJDKLog [restartedMain] Initializing Spring embedded WebApplicationContext
2022-04-05 20:51:24,230 INFO org.springframework.boot.web.servlet.context.ServletWebServerApplicationContext [restartedMain] Root WebApplicationContext: initialization completed in 196 ms
2022-04-05 20:51:24,293 INFO com.zaxxer.hikari.HikariDataSource [restartedMain] HikariPool-3 - Starting...
2022-04-05 20:51:24,298 INFO com.zaxxer.hikari.HikariDataSource [restartedMain] HikariPool-3 - Start completed.
2022-04-05 20:51:24,301 WARN org.springframework.data.convert.CustomConversions [restartedMain] Registering converter from class java.time.OffsetDateTime to class org.springframework.data.jdbc.core.convert.JdbcValue as writing converter although it doesn't convert to a store-supported type! You might want to check your annotation setup at the converter implementation.
2022-04-05 20:51:24,342 INFO org.springframework.boot.devtools.autoconfigure.OptionalLiveReloadServer [restartedMain] LiveReload server is running on port 35729
2022-04-05 20:51:24,452 INFO org.springframework.boot.autoconfigure.web.servlet.WelcomePageHandlerMapping [restartedMain] Adding welcome page template: index
2022-04-05 20:51:24,515 INFO org.apache.juli.logging.DirectJDKLog [restartedMain] Starting ProtocolHandler ["http-nio-8080"]
2022-04-05 20:51:24,517 INFO org.springframework.boot.web.embedded.tomcat.TomcatWebServer [restartedMain] Tomcat started on port(s): 8080 (http) with context path ''
2022-04-05 20:51:24,520 INFO org.springframework.boot.StartupInfoLogger [restartedMain] Started Cst323CloudAppApplication in 0.512 seconds (JVM running for 327.364)
2022-04-05 20:51:24,521 INFO org.springframework.boot.devtools.autoconfigure.ConditionEvaluationDeltaLoggingListener [restartedMain] Condition evaluation unchanged
2022-04-05 20:51:27,024 INFO org.springframework.boot.admin.SpringApplicationAdminMXBeanRegistrar$SpringApplicationAdmin [RMI TCP Connection(8)-127.0.0.1] Application shutdown requested.
2022-04-05 20:51:27,036 INFO com.zaxxer.hikari.HikariDataSource [RMI TCP Connection(8)-127.0.0.1] HikariPool-3 - Shutdown initiated...
2022-04-05 20:51:27,037 INFO com.zaxxer.hikari.HikariDataSource [RMI TCP Connection(8)-127.0.0.1] HikariPool-3 - Shutdown completed.
2022-04-05 20:51:31,534 INFO org.hibernate.validator.internal.util.Version [background-preinit] HV000001: Hibernate Validator 6.2.0.Final
2022-04-05 20:51:31,535 INFO org.springframework.boot.StartupInfoLogger [restartedMain] Starting Cst323CloudAppApplication using Java 16.0.2 on MSI with PID 17940 (C:\Users\alexa\Documents\workspaceCST-339\CST323CloudApp\target\classes started by alexa in C:\Users\alexa\Documents\workspaceCST-339\CST323CloudApp)
2022-04-05 20:51:31,535 DEBUG org.springframework.boot.StartupInfoLogger [restartedMain] Running with Spring Boot v2.6.2, Spring v5.3.14
2022-04-05 20:51:31,536 INFO org.springframework.boot.SpringApplication [restartedMain] No active profile set, falling back to default profiles: default
2022-04-05 20:51:31,715 INFO org.springframework.boot.logging.DeferredLog [restartedMain] Devtools property defaults active! Set 'spring.devtools.add-properties' to 'false' to disable
2022-04-05 20:51:31,716 INFO org.springframework.boot.logging.DeferredLog [restartedMain] For additional web related logging consider setting the 'logging.level.web' property to 'DEBUG'
2022-04-05 20:51:32,153 INFO org.springframework.data.repository.config.RepositoryConfigurationDelegate [restartedMain] Bootstrapping Spring Data JDBC repositories in DEFAULT mode.
2022-04-05 20:51:32,192 INFO org.springframework.data.repository.config.RepositoryConfigurationDelegate [restartedMain] Finished Spring Data repository scanning in 35 ms. Found 2 JDBC repository interfaces.
2022-04-05 20:51:32,391 INFO org.springframework.context.support.PostProcessorRegistrationDelegate$BeanPostProcessorChecker [restartedMain] Bean 'aopConfiguration' of type [com.gcu.util.AopConfiguration$$EnhancerBySpringCGLIB$$a5700d80] is not eligible for getting processed by all BeanPostProcessors (for example: not eligible for auto-proxying)
2022-04-05 20:51:32,403 INFO org.springframework.context.support.PostProcessorRegistrationDelegate$BeanPostProcessorChecker [restartedMain] Bean 'tracer' of type [com.gcu.util.Tracer] is not eligible for getting processed by all BeanPostProcessors (for example: not eligible for auto-proxying)
2022-04-05 20:51:32,403 INFO org.springframework.context.support.PostProcessorRegistrationDelegate$BeanPostProcessorChecker [restartedMain] Bean 'performanceMonitorAdvisor' of type [org.springframework.aop.support.DefaultPointcutAdvisor] is not eligible for getting processed by all BeanPostProcessors (for example: not eligible for auto-proxying)
2022-04-05 20:51:32,689 INFO org.springframework.boot.web.embedded.tomcat.TomcatWebServer [restartedMain] Tomcat initialized with port(s): 8080 (http)
2022-04-05 20:51:32,696 INFO org.apache.juli.logging.DirectJDKLog [restartedMain] Initializing ProtocolHandler ["http-nio-8080"]
2022-04-05 20:51:32,696 INFO org.apache.juli.logging.DirectJDKLog [restartedMain] Starting service [Tomcat]
2022-04-05 20:51:32,697 INFO org.apache.juli.logging.DirectJDKLog [restartedMain] Starting Servlet engine: [Apache Tomcat/9.0.56]
2022-04-05 20:51:32,771 INFO org.apache.juli.logging.DirectJDKLog [restartedMain] Initializing Spring embedded WebApplicationContext
2022-04-05 20:51:32,772 INFO org.springframework.boot.web.servlet.context.ServletWebServerApplicationContext [restartedMain] Root WebApplicationContext: initialization completed in 1055 ms
2022-04-05 20:51:32,928 INFO com.zaxxer.hikari.HikariDataSource [restartedMain] HikariPool-1 - Starting...
2022-04-05 20:51:33,060 INFO com.zaxxer.hikari.HikariDataSource [restartedMain] HikariPool-1 - Start completed.
2022-04-05 20:51:33,091 WARN org.springframework.data.convert.CustomConversions [restartedMain] Registering converter from class java.time.OffsetDateTime to class org.springframework.data.jdbc.core.convert.JdbcValue as writing converter although it doesn't convert to a store-supported type! You might want to check your annotation setup at the converter implementation.
2022-04-05 20:51:33,215 INFO org.springframework.boot.devtools.autoconfigure.OptionalLiveReloadServer [restartedMain] LiveReload server is running on port 35729
2022-04-05 20:51:33,495 INFO org.springframework.boot.autoconfigure.web.servlet.WelcomePageHandlerMapping [restartedMain] Adding welcome page template: index
2022-04-05 20:51:33,762 INFO org.apache.juli.logging.DirectJDKLog [restartedMain] Starting ProtocolHandler ["http-nio-8080"]
2022-04-05 20:51:33,777 INFO org.springframework.boot.web.embedded.tomcat.TomcatWebServer [restartedMain] Tomcat started on port(s): 8080 (http) with context path ''
2022-04-05 20:51:33,782 INFO org.springframework.boot.StartupInfoLogger [restartedMain] Started Cst323CloudAppApplication in 2.561 seconds (JVM running for 3.156)
2022-04-05 20:51:37,651 INFO org.apache.juli.logging.DirectJDKLog [http-nio-8080-exec-1] Initializing Spring DispatcherServlet 'dispatcherServlet'
2022-04-05 20:51:37,652 INFO org.springframework.web.servlet.FrameworkServlet [http-nio-8080-exec-1] Initializing Servlet 'dispatcherServlet'
2022-04-05 20:51:37,653 INFO org.springframework.web.servlet.FrameworkServlet [http-nio-8080-exec-1] Completed initialization in 1 ms
2022-04-05 20:51:38,168 WARN org.codehaus.groovy.vmplugin.v8.IndyInterface [http-nio-8080-exec-1] Fragment expression "layouts/defaultTemplate" is being wrapped as a Thymeleaf 3 fragment expression (~{...}) for backwards compatibility purposes.  This wrapping will be dropped in the next major version of the expression processor, so please rewrite as a Thymeleaf 3 fragment expression to future-proof your code.  See https://github.com/thymeleaf/thymeleaf/issues/451 for more information.
2022-04-05 20:51:40,181 TRACE com.gcu.util.Tracer [http-nio-8080-exec-4] GCU Method com.gcu.controller.UserController.displayUsers execution started at:Tue Apr 05 20:51:40 MST 2022
2022-04-05 20:51:40,199 TRACE com.gcu.util.Tracer [http-nio-8080-exec-4] GCU Method com.gcu.business.UserBusinessService.findAll execution started at:Tue Apr 05 20:51:40 MST 2022
2022-04-05 20:51:40,204 TRACE com.gcu.util.Tracer [http-nio-8080-exec-4] GCU Method com.gcu.data.UserDataService.findAll execution started at:Tue Apr 05 20:51:40 MST 2022
2022-04-05 20:51:40,311 TRACE com.gcu.util.Tracer [http-nio-8080-exec-4] GCU Method com.gcu.data.UserDataService.findAll execution lasted:107 ms
2022-04-05 20:51:40,311 TRACE com.gcu.util.Tracer [http-nio-8080-exec-4] GCU Method com.gcu.data.UserDataService.findAll execution end at :107Tue Apr 05 20:51:40 MST 2022
2022-04-05 20:51:40,311 WARN com.gcu.util.Tracer [http-nio-8080-exec-4] GCU Method execution longer than 10 ms!
2022-04-05 20:51:40,311 TRACE com.gcu.util.Tracer [http-nio-8080-exec-4] GCU Method com.gcu.business.UserBusinessService.findAll execution lasted:112 ms
2022-04-05 20:51:40,312 TRACE com.gcu.util.Tracer [http-nio-8080-exec-4] GCU Method com.gcu.business.UserBusinessService.findAll execution end at :112Tue Apr 05 20:51:40 MST 2022
2022-04-05 20:51:40,312 WARN com.gcu.util.Tracer [http-nio-8080-exec-4] GCU Method execution longer than 10 ms!
2022-04-05 20:51:40,312 TRACE com.gcu.util.Tracer [http-nio-8080-exec-4] GCU Method com.gcu.controller.UserController.displayUsers execution lasted:131 ms
2022-04-05 20:51:40,312 TRACE com.gcu.util.Tracer [http-nio-8080-exec-4] GCU Method com.gcu.controller.UserController.displayUsers execution end at :131Tue Apr 05 20:51:40 MST 2022
2022-04-05 20:51:40,313 WARN com.gcu.util.Tracer [http-nio-8080-exec-4] GCU Method execution longer than 10 ms!
2022-04-05 20:51:58,625 INFO org.springframework.boot.admin.SpringApplicationAdminMXBeanRegistrar$SpringApplicationAdmin [RMI TCP Connection(2)-127.0.0.1] Application shutdown requested.
2022-04-05 20:51:58,643 INFO com.zaxxer.hikari.HikariDataSource [RMI TCP Connection(2)-127.0.0.1] HikariPool-1 - Shutdown initiated...
2022-04-05 20:51:58,648 INFO com.zaxxer.hikari.HikariDataSource [RMI TCP Connection(2)-127.0.0.1] HikariPool-1 - Shutdown completed.
